<?xml version="1.0" encoding="UTF-8"?>
<testng-results ignored="0" total="4" passed="3" failed="1" skipped="0">
  <reporter-output>
  </reporter-output>
  <suite started-at="2025-12-23T10:15:51 IST" name="Default suite" finished-at="2025-12-23T10:16:02 IST" duration-ms="10916">
    <groups>
    </groups>
    <test started-at="2025-12-23T10:15:51 IST" name="Default test" finished-at="2025-12-23T10:16:02 IST" duration-ms="10916">
      <class name="testcases.WorkflowTest">
        <test-method is-config="true" signature="setUp()[pri:0, instance:testcases.WorkflowTest@4b2bac3f]" started-at="2025-12-23T10:15:51 IST" name="setUp" finished-at="2025-12-23T10:15:55 IST" duration-ms="4535" status="PASS">
          <reporter-output>
          </reporter-output>
        </test-method> <!-- setUp -->
        <test-method is-config="true" signature="objectint()[pri:0, instance:testcases.WorkflowTest@4b2bac3f]" started-at="2025-12-23T10:15:55 IST" name="objectint" finished-at="2025-12-23T10:15:56 IST" duration-ms="926" status="PASS">
          <reporter-output>
          </reporter-output>
        </test-method> <!-- objectint -->
        <test-method signature="tc801()[pri:1, instance:testcases.WorkflowTest@4b2bac3f]" started-at="2025-12-23T10:15:56 IST" name="tc801" finished-at="2025-12-23T10:15:58 IST" duration-ms="1448" status="FAIL">
          <exception class="java.lang.AssertionError">
            <message>
              <![CDATA[expected [true] but found [false]]]>
            </message>
            <full-stacktrace>
              <![CDATA[java.lang.AssertionError: expected [true] but found [false]
at org.testng.Assert.fail(Assert.java:111)
at org.testng.Assert.failNotEquals(Assert.java:1590)
at org.testng.Assert.assertTrue(Assert.java:57)
at org.testng.Assert.assertTrue(Assert.java:67)
at testcases.WorkflowTest.tc801(WorkflowTest.java:56)
at java.base/jdk.internal.reflect.DirectMethodHandleAccessor.invoke(DirectMethodHandleAccessor.java:103)
at java.base/java.lang.reflect.Method.invoke(Method.java:580)
at org.testng.internal.invokers.MethodInvocationHelper.invokeMethod(MethodInvocationHelper.java:141)
at org.testng.internal.invokers.TestInvoker.invokeMethod(TestInvoker.java:687)
at org.testng.internal.invokers.TestInvoker.invokeTestMethod(TestInvoker.java:230)
at org.testng.internal.invokers.MethodRunner.runInSequence(MethodRunner.java:63)
at org.testng.internal.invokers.TestInvoker$MethodInvocationAgent.invoke(TestInvoker.java:995)
at org.testng.internal.invokers.TestInvoker.invokeTestMethods(TestInvoker.java:203)
at org.testng.internal.invokers.TestMethodWorker.invokeTestMethods(TestMethodWorker.java:154)
at org.testng.internal.invokers.TestMethodWorker.run(TestMethodWorker.java:134)
at java.base/java.util.ArrayList.forEach(ArrayList.java:1596)
at org.testng.TestRunner.privateRun(TestRunner.java:741)
at org.testng.TestRunner.run(TestRunner.java:616)
at org.testng.SuiteRunner.runTest(SuiteRunner.java:421)
at org.testng.SuiteRunner.runSequentially(SuiteRunner.java:413)
at org.testng.SuiteRunner.privateRun(SuiteRunner.java:373)
at org.testng.SuiteRunner.run(SuiteRunner.java:312)
at org.testng.SuiteRunnerWorker.runSuite(SuiteRunnerWorker.java:52)
at org.testng.SuiteRunnerWorker.run(SuiteRunnerWorker.java:95)
at org.testng.TestNG.runSuitesSequentially(TestNG.java:1274)
at org.testng.TestNG.runSuitesLocally(TestNG.java:1208)
at org.testng.TestNG.runSuites(TestNG.java:1112)
at org.testng.TestNG.run(TestNG.java:1079)
at org.testng.remote.AbstractRemoteTestNG.run(AbstractRemoteTestNG.java:115)
at org.testng.remote.RemoteTestNG.initAndRun(RemoteTestNG.java:293)
at org.testng.remote.RemoteTestNG.main(RemoteTestNG.java:91)
]]>
            </full-stacktrace>
          </exception> <!-- java.lang.AssertionError -->
          <reporter-output>
          </reporter-output>
        </test-method> <!-- tc801 -->
        <test-method signature="tc802()[pri:2, instance:testcases.WorkflowTest@4b2bac3f]" started-at="2025-12-23T10:15:58 IST" name="tc802" finished-at="2025-12-23T10:15:58 IST" duration-ms="645" status="PASS">
          <reporter-output>
          </reporter-output>
        </test-method> <!-- tc802 -->
        <test-method signature="tc803()[pri:3, instance:testcases.WorkflowTest@4b2bac3f]" started-at="2025-12-23T10:15:58 IST" name="tc803" finished-at="2025-12-23T10:16:01 IST" duration-ms="2559" status="PASS">
          <reporter-output>
          </reporter-output>
        </test-method> <!-- tc803 -->
        <test-method signature="tc804()[pri:4, instance:testcases.WorkflowTest@4b2bac3f]" started-at="2025-12-23T10:16:01 IST" name="tc804" finished-at="2025-12-23T10:16:01 IST" duration-ms="456" status="PASS">
          <reporter-output>
          </reporter-output>
        </test-method> <!-- tc804 -->
        <test-method is-config="true" signature="tearDown()[pri:0, instance:testcases.WorkflowTest@4b2bac3f]" started-at="2025-12-23T10:16:01 IST" name="tearDown" finished-at="2025-12-23T10:16:02 IST" duration-ms="246" status="PASS">
          <reporter-output>
          </reporter-output>
        </test-method> <!-- tearDown -->
      </class> <!-- testcases.WorkflowTest -->
    </test> <!-- Default test -->
  </suite> <!-- Default suite -->
</testng-results>
