<?xml version="1.0" encoding="UTF-8"?>
<!-- Generated by org.testng.reporters.JUnitReportReporter -->
<testsuite hostname="LAPTOP-7LVVFEO1" failures="0" tests="5" name="testcases.CartTest" time="23.717" errors="0" timestamp="2025-12-29T10:47:36 IST" skipped="0">
  <testcase classname="testcases.CartTest" name="cartPageLoaded" time="0.022"/>
  <testcase classname="testcases.CartTest" name="checkIncreaseQty" time="1.932"/>
  <testcase classname="testcases.CartTest" name="checkDecreaseQty" time="0.246"/>
  <testcase classname="testcases.CartTest" name="checkRemove" time="20.274"/>
  <testcase classname="testcases.CartTest" name="placingOrder" time="1.243"/>
</testsuite> <!-- testcases.CartTest -->
