<?xml version="1.0" encoding="UTF-8"?>
<!-- Generated by org.testng.reporters.JUnitReportReporter -->
<testsuite hostname="LAPTOP-7LVVFEO1" failures="0" tests="3" name="testcases.HeaderTest" time="2.673" errors="0" timestamp="2025-12-29T10:47:36 IST" skipped="0">
  <testcase classname="testcases.HeaderTest" name="checkSearch" time="0.280"/>
  <testcase classname="testcases.HeaderTest" name="checkAbout" time="1.218"/>
  <testcase classname="testcases.HeaderTest" name="checkContact" time="1.175"/>
</testsuite> <!-- testcases.HeaderTest -->
