<?xml version="1.0" encoding="UTF-8"?>
<!-- Generated by org.testng.reporters.JUnitReportReporter -->
<testsuite hostname="LAPTOP-7LVVFEO1" failures="0" tests="5" name="testcases.CartTest" time="24.635" errors="0" timestamp="2025-12-26T20:52:59 IST" skipped="0">
  <testcase classname="testcases.CartTest" name="cartPageLoaded" time="0.037"/>
  <testcase classname="testcases.CartTest" name="checkIncreaseQty" time="2.867"/>
  <testcase classname="testcases.CartTest" name="checkDecreaseQty" time="0.228"/>
  <testcase classname="testcases.CartTest" name="checkRemove" time="20.257"/>
  <testcase classname="testcases.CartTest" name="placingOrder" time="1.246"/>
</testsuite> <!-- testcases.CartTest -->
