<?xml version="1.0" encoding="UTF-8"?>
<!-- Generated by org.testng.reporters.JUnitReportReporter -->
<testsuite hostname="LAPTOP-7LVVFEO1" failures="0" tests="3" name="testcases.HeaderTest" time="2.739" errors="0" timestamp="2025-12-26T21:00:41 IST" skipped="0">
  <testcase classname="testcases.HeaderTest" name="checkSearch" time="0.323"/>
  <testcase classname="testcases.HeaderTest" name="checkAbout" time="1.204"/>
  <testcase classname="testcases.HeaderTest" name="checkContact" time="1.212"/>
</testsuite> <!-- testcases.HeaderTest -->
